#-----------------------------------------------------------
# PlanAhead v14.7 (64-bit)
# Build 321239 by xbuild on Fri Sep 27 19:29:51 MDT 2013
# Start of session at: Fri Nov 25 16:37:52 2016
# Process ID: 2524
# Log file: F:/thujiyuan/pop_cpu/planAhead_run_3/planAhead.log
# Journal file: F:/thujiyuan/pop_cpu/planAhead_run_3/planAhead.jou
#-----------------------------------------------------------
INFO: [Common 17-78] Attempting to get a license: PlanAhead
INFO: [Common 17-290] Got license for PlanAhead
INFO: [Device 21-36] Loading parts and site information from F:/Xilinx/14.7/ISE_DS/PlanAhead/data/parts/arch.xml
Parsing RTL primitives file [F:/Xilinx/14.7/ISE_DS/PlanAhead/data/parts/xilinx/rtl/prims/rtl_prims.xml]
Finished parsing RTL primitives file [F:/Xilinx/14.7/ISE_DS/PlanAhead/data/parts/xilinx/rtl/prims/rtl_prims.xml]
start_gui
source F:/thujiyuan/pop_cpu/pa.fromNetlist.tcl
# create_project -name pop_cpu -dir "F:/thujiyuan/pop_cpu/planAhead_run_3" -part xc3s1200efg400-4
# set_property design_mode GateLvl [get_property srcset [current_run -impl]]
# set_property edif_top_file "F:/thujiyuan/pop_cpu/pop_cpu.ngc" [ get_property srcset [ current_run ] ]
# add_files -norecurse { {F:/thujiyuan/pop_cpu} }
# set_param project.pinAheadLayout  yes
# set_property target_constrs_file "pop_cpu.ucf" [current_fileset -constrset]
Adding file 'F:/thujiyuan/pop_cpu/pop_cpu.ucf' to fileset 'constrs_1'
# add_files [list {pop_cpu.ucf}] -fileset [get_property constrset [current_run]]
# link_design
Design is defaulting to srcset: sources_1
Design is defaulting to constrset: constrs_1
Design is defaulting to project part: xc3s1200efg400-4
Release 14.7 - ngc2edif P.20131013 (nt64)
Copyright (c) 1995-2013 Xilinx, Inc.  All rights reserved.
Reading design pop_cpu.ngc ...
WARNING:NetListWriters:298 - No output is written to pop_cpu.xncf, ignored.
Processing design ...
   Preping design's networks ...
   Preping design's macros ...
WARNING:NetListWriters:306 - Signal bus al/rst_shift0003<10 : 0> on block
   pop_cpu is not reconstructed, because there are some missing bus signals.
WARNING:NetListWriters:306 - Signal bus al/rst_shift0004<15 : 7> on block
   pop_cpu is not reconstructed, because there are some missing bus signals.
WARNING:NetListWriters:306 - Signal bus idexe/outExtend<15 : 0> on block pop_cpu
   is not reconstructed, because there are some missing bus signals.
WARNING:NetListWriters:306 - Signal bus idexe/outExtend_mux0002<15 : 0> on block
   pop_cpu is not reconstructed, because there are some missing bus signals.
WARNING:NetListWriters:306 - Signal bus idexe/tempExtend<15 : 0> on block
   pop_cpu is not reconstructed, because there are some missing bus signals.
WARNING:NetListWriters:306 - Signal bus ifidr/outInst<15 : 0> on block pop_cpu
   is not reconstructed, because there are some missing bus signals.
WARNING:NetListWriters:306 - Signal bus ifidr/outInst_mux0004<15 : 0> on block
   pop_cpu is not reconstructed, because there are some missing bus signals.
WARNING:NetListWriters:306 - Signal bus ifidr/tempInst<15 : 0> on block pop_cpu
   is not reconstructed, because there are some missing bus signals.
  finished :Prep
Writing EDIF netlist file pop_cpu.edif ...
ngc2edif: Total memory usage is 84348 kilobytes

Parsing EDIF File [./planAhead_run_3/pop_cpu.data/cache/pop_cpu_ngc_zx.edif]
Finished Parsing EDIF File [./planAhead_run_3/pop_cpu.data/cache/pop_cpu_ngc_zx.edif]
INFO: [Designutils 20-910] Reading macro library F:/Xilinx/14.7/ISE_DS/PlanAhead/data\./parts/xilinx/spartan3e/spartan3e/hd_int_macros.edn
Parsing EDIF File [F:/Xilinx/14.7/ISE_DS/PlanAhead/data\./parts/xilinx/spartan3e/spartan3e/hd_int_macros.edn]
Finished Parsing EDIF File [F:/Xilinx/14.7/ISE_DS/PlanAhead/data\./parts/xilinx/spartan3e/spartan3e/hd_int_macros.edn]
WARNING: [Netlist 29-43] Netlist 'pop_cpu' is not ideal for floorplanning, since the cellview 'pop_cpu' defined in file 'pop_cpu.ngc' contains large number of primitives.  Please consider enabling hierarchy in synthesis if you want to do floorplanning.
Loading clock regions from F:/Xilinx/14.7/ISE_DS/PlanAhead/data\parts/xilinx/spartan3e/spartan3e/xc3s1200e/ClockRegion.xml
Loading clock buffers from F:/Xilinx/14.7/ISE_DS/PlanAhead/data\parts/xilinx/spartan3e/spartan3e/xc3s1200e/ClockBuffers.xml
Loading package from F:/Xilinx/14.7/ISE_DS/PlanAhead/data\parts/xilinx/spartan3e/spartan3e/xc3s1200e/fg400/Package.xml
Loading io standards from F:/Xilinx/14.7/ISE_DS/PlanAhead/data\./parts/xilinx/spartan3e/IOStandards.xml
INFO: [Device 21-19] Loading pkg sso from F:/Xilinx/14.7/ISE_DS/PlanAhead/data\parts/xilinx/spartan3e/spartan3e/xc3s1200e/fg400/SSORules.xml
Loading list of drcs for the architecture : F:/Xilinx/14.7/ISE_DS/PlanAhead/data\./parts/xilinx/spartan3e/spartan3e/drc.xml
INFO: [Timing 38-77] Reading timing library F:/Xilinx/14.7/ISE_DS/PlanAhead/data\parts/xilinx/spartan3e/spartan3e/spartan3e-4.lib.
INFO: [Timing 38-34] Done reading timing library F:/Xilinx/14.7/ISE_DS/PlanAhead/data\parts/xilinx/spartan3e/spartan3e/spartan3e-4.lib.
Parsing UCF File [F:/thujiyuan/pop_cpu/pop_cpu.ucf]
Finished Parsing UCF File [F:/thujiyuan/pop_cpu/pop_cpu.ucf]
INFO: [Project 1-111] Unisim Transformation Summary:
No Unisim elements were transformed.

Phase 0 | Netlist Checksum: 83c5abab
link_design: Time (s): elapsed = 00:00:12 . Memory (MB): peak = 569.281 ; gain = 121.781
set_property package_pin "" [get_ports [list  {Ram2Addr[16]}]]
exit
ERROR: [PlanAhead 12-106] *** Exception: ui.h.b: Found deleted key in HTclEventBroker. Verify if the classes listed here call cleanup()
HTclEvent: DEBUG_CORE_CONFIG_CHANGE   Classes: ui.views.aR 
HTclEvent: SIGNAL_MODIFY   Classes: ui.views.aR 
HTclEvent: DEBUG_PORT_CONFIG_CHANGE   Classes: ui.views.aR 
HTclEvent: SIGNAL_BUS_MODIFY   Classes: ui.views.aR 
 (See F:/thujiyuan/pop_cpu\planAhead_pid2524.debug)
ERROR: [Common 17-39] 'stop_gui' failed due to earlier errors.
INFO: [Common 17-206] Exiting PlanAhead at Fri Nov 25 16:38:30 2016...
INFO: [Common 17-83] Releasing license: PlanAhead
