#-----------------------------------------------------------
# PlanAhead v14.7 (64-bit)
# Build 321239 by xbuild on Fri Sep 27 19:29:51 MDT 2013
# Start of session at: Fri Nov 25 16:34:11 2016
# Process ID: 4788
# Log file: F:/thujiyuan/pop_cpu/planAhead_run_2/planAhead.log
# Journal file: F:/thujiyuan/pop_cpu/planAhead_run_2/planAhead.jou
#-----------------------------------------------------------
INFO: [Common 17-78] Attempting to get a license: PlanAhead
INFO: [Common 17-290] Got license for PlanAhead
INFO: [Device 21-36] Loading parts and site information from F:/Xilinx/14.7/ISE_DS/PlanAhead/data/parts/arch.xml
Parsing RTL primitives file [F:/Xilinx/14.7/ISE_DS/PlanAhead/data/parts/xilinx/rtl/prims/rtl_prims.xml]
Finished parsing RTL primitives file [F:/Xilinx/14.7/ISE_DS/PlanAhead/data/parts/xilinx/rtl/prims/rtl_prims.xml]
start_gui
source F:/thujiyuan/pop_cpu/pa.fromNetlist.tcl
# create_project -name pop_cpu -dir "F:/thujiyuan/pop_cpu/planAhead_run_2" -part xc3s1200efg400-4
ERROR: [Common 17-53] User Exception: Project already exists on disk, please use '-force' option to overwrite: 
     F:/thujiyuan/pop_cpu/planAhead_run_2/pop_cpu.ppr
     F:/thujiyuan/pop_cpu/planAhead_run_2/pop_cpu.data

    while executing
"create_project -name pop_cpu -dir "F:/thujiyuan/pop_cpu/planAhead_run_2" -part xc3s1200efg400-4"
    (file "F:/thujiyuan/pop_cpu/pa.fromNetlist.tcl" line 4)
exit
INFO: [Common 17-206] Exiting PlanAhead at Fri Nov 25 16:34:26 2016...
INFO: [Common 17-83] Releasing license: PlanAhead
